<?xml version="1.0" encoding="UTF-8"?>
<!-- Generated by org.testng.reporters.JUnitXMLReporter -->
<testsuite hostname="DESKTOP-BC2D84H" ignored="0" name="Test" tests="6" failures="0" timestamp="07 May 2022 15:42:30 GMT" time="0.455" errors="0">
  <testcase name="tc1" time="0.041" classname="org.test.test1"/>
  <testcase name="tc2" time="0.009" classname="org.test.test1"/>
  <testcase name="tc3" time="0.009" classname="org.test.test1"/>
  <testcase name="tc7" time="0.104" classname="org.test.test3"/>
  <testcase name="tc8" time="0.006" classname="org.test.test3"/>
  <testcase name="tc9" time="0.009" classname="org.test.test3"/>
</testsuite> <!-- Test -->
