<?xml version="1.0" encoding="UTF-8"?>
<testng-results skipped="0" failed="0" ignored="0" total="6" passed="6">
  <reporter-output>
  </reporter-output>
  <suite name="Suite" duration-ms="455" started-at="2022-05-07T15:42:30Z" finished-at="2022-05-07T15:42:30Z">
    <groups>
    </groups>
    <test name="Test" duration-ms="455" started-at="2022-05-07T15:42:30Z" finished-at="2022-05-07T15:42:30Z">
      <class name="org.test.test3">
        <test-method status="PASS" signature="tc7()[pri:0, instance:org.test.test3@148080bb]" name="tc7" duration-ms="104" started-at="2022-05-07T15:42:30Z" finished-at="2022-05-07T15:42:30Z">
          <reporter-output>
          </reporter-output>
        </test-method> <!-- tc7 -->
        <test-method status="PASS" signature="tc8()[pri:0, instance:org.test.test3@148080bb]" name="tc8" duration-ms="6" started-at="2022-05-07T15:42:30Z" finished-at="2022-05-07T15:42:30Z">
          <reporter-output>
          </reporter-output>
        </test-method> <!-- tc8 -->
        <test-method status="PASS" signature="tc9()[pri:0, instance:org.test.test3@148080bb]" name="tc9" duration-ms="9" started-at="2022-05-07T15:42:30Z" finished-at="2022-05-07T15:42:30Z">
          <reporter-output>
          </reporter-output>
        </test-method> <!-- tc9 -->
      </class> <!-- org.test.test3 -->
      <class name="org.test.test1">
        <test-method status="PASS" signature="tc1()[pri:0, instance:org.test.test1@55d56113]" name="tc1" duration-ms="41" started-at="2022-05-07T15:42:30Z" finished-at="2022-05-07T15:42:30Z">
          <reporter-output>
          </reporter-output>
        </test-method> <!-- tc1 -->
        <test-method status="PASS" signature="tc2()[pri:0, instance:org.test.test1@55d56113]" name="tc2" duration-ms="9" started-at="2022-05-07T15:42:30Z" finished-at="2022-05-07T15:42:30Z">
          <reporter-output>
          </reporter-output>
        </test-method> <!-- tc2 -->
        <test-method status="PASS" signature="tc3()[pri:0, instance:org.test.test1@55d56113]" name="tc3" duration-ms="9" started-at="2022-05-07T15:42:30Z" finished-at="2022-05-07T15:42:30Z">
          <reporter-output>
          </reporter-output>
        </test-method> <!-- tc3 -->
      </class> <!-- org.test.test1 -->
    </test> <!-- Test -->
  </suite> <!-- Suite -->
</testng-results>
